<?xml version="1.0" encoding="UTF-8"?>
<!-- Generated by org.testng.reporters.JUnitReportReporter -->
<testsuite hostname="ragini" failures="0" tests="6" name="TestRunner.CucumberTestRunner" time="73.140" errors="0" timestamp="2024-11-27T18:56:43 IST" skipped="0">
  <testcase classname="TestRunner.CucumberTestRunner" name="runScenario" time="10.802"/>
  <testcase classname="TestRunner.CucumberTestRunner" name="runScenario" time="30.730"/>
  <testcase classname="TestRunner.CucumberTestRunner" name="runScenario" time="9.339"/>
  <testcase classname="TestRunner.CucumberTestRunner" name="runScenario" time="8.421"/>
  <testcase classname="TestRunner.CucumberTestRunner" name="runScenario" time="8.445"/>
  <testcase classname="TestRunner.CucumberTestRunner" name="runScenario" time="5.403"/>
</testsuite> <!-- TestRunner.CucumberTestRunner -->
